#! /usr/bin/vvp
:ivl_version "10.3 (stable)";
:ivl_delay_selection "TYPICAL";
:vpi_time_precision + 0;
:vpi_module "system";
:vpi_module "vhdl_sys";
:vpi_module "v2005_math";
:vpi_module "va_math";
S_0x5585e11600d0 .scope module, "user_proj_example" "user_proj_example" 2 38;
 .timescale 0 0;
    .port_info 0 /INPUT 1 "wb_clk_i"
    .port_info 1 /INPUT 1 "wb_rst_i"
    .port_info 2 /INPUT 1 "wbs_stb_i"
    .port_info 3 /INPUT 1 "wbs_cyc_i"
    .port_info 4 /INPUT 1 "wbs_we_i"
    .port_info 5 /INPUT 4 "wbs_sel_i"
    .port_info 6 /INPUT 32 "wbs_dat_i"
    .port_info 7 /INPUT 32 "wbs_adr_i"
    .port_info 8 /OUTPUT 1 "wbs_ack_o"
    .port_info 9 /OUTPUT 32 "wbs_dat_o"
    .port_info 10 /INPUT 128 "la_data_in"
    .port_info 11 /OUTPUT 128 "la_data_out"
    .port_info 12 /INPUT 128 "la_oenb"
    .port_info 13 /INPUT 2 "io_in"
    .port_info 14 /OUTPUT 2 "io_out"
    .port_info 15 /OUTPUT 2 "io_oeb"
    .port_info 16 /OUTPUT 3 "irq"
P_0x5585e1160250 .param/l "BITS" 0 2 39, +C4<00000000000000000000000000100000>;
v0x5585e11b0db0_0 .net *"_s3", 8 0, L_0x5585e11b27d0;  1 drivers
L_0x7fc65abb5018 .functor BUFT 1, C4<0000000>, C4<0>, C4<0>, C4<0>;
v0x5585e11b0eb0_0 .net *"_s6", 6 0, L_0x7fc65abb5018;  1 drivers
v0x5585e11b0f90_0 .net *"_s7", 4 0, L_0x5585e11b28e0;  1 drivers
v0x5585e11b1050_0 .net "enable", 0 0, L_0x5585e11b2690;  1 drivers
v0x5585e11b1120_0 .net "eno", 0 0, v0x5585e11b0960_0;  1 drivers
v0x5585e11b1210_0 .net "gs", 0 0, v0x5585e11b0a20_0;  1 drivers
v0x5585e11b12e0_0 .net "in", 7 0, L_0x5585e11b25f0;  1 drivers
o0x7fc65abfe318 .functor BUFZ 2, C4<zz>; HiZ drive
v0x5585e11b13b0_0 .net "io_in", -1 0, o0x7fc65abfe318;  0 drivers
o0x7fc65abfe348 .functor BUFZ 2, C4<zz>; HiZ drive
v0x5585e11b1450_0 .net "io_oeb", -1 0, o0x7fc65abfe348;  0 drivers
v0x5585e11b15a0_0 .net "io_out", -1 0, L_0x5585e11b2ad0;  1 drivers
o0x7fc65abfe3a8 .functor BUFZ 3, C4<zzz>; HiZ drive
v0x5585e11b1680_0 .net "irq", 2 0, o0x7fc65abfe3a8;  0 drivers
o0x7fc65abfe3d8 .functor BUFZ 128, C4<zzzzzzzzzzzzzzzzzzzzzzzzzzzzzzzzzzzzzzzzzzzzzzzzzzzzzzzzzzzzzzzzzzzzzzzzzzzzzzzzzzzzzzzzzzzzzzzzzzzzzzzzzzzzzzzzzzzzzzzzzzzzzzzz>; HiZ drive
v0x5585e11b1760_0 .net "la_data_in", 127 0, o0x7fc65abfe3d8;  0 drivers
o0x7fc65abfe408 .functor BUFZ 128, C4<zzzzzzzzzzzzzzzzzzzzzzzzzzzzzzzzzzzzzzzzzzzzzzzzzzzzzzzzzzzzzzzzzzzzzzzzzzzzzzzzzzzzzzzzzzzzzzzzzzzzzzzzzzzzzzzzzzzzzzzzzzzzzzzz>; HiZ drive
v0x5585e11b1840_0 .net "la_data_out", 127 0, o0x7fc65abfe408;  0 drivers
o0x7fc65abfe438 .functor BUFZ 128, C4<zzzzzzzzzzzzzzzzzzzzzzzzzzzzzzzzzzzzzzzzzzzzzzzzzzzzzzzzzzzzzzzzzzzzzzzzzzzzzzzzzzzzzzzzzzzzzzzzzzzzzzzzzzzzzzzzzzzzzzzzzzzzzzzz>; HiZ drive
v0x5585e11b1920_0 .net "la_oenb", 127 0, o0x7fc65abfe438;  0 drivers
v0x5585e11b1a00_0 .net "out", 2 0, v0x5585e11b0c10_0;  1 drivers
o0x7fc65abfe048 .functor BUFZ 1, C4<z>; HiZ drive
v0x5585e11b1af0_0 .net "wb_clk_i", 0 0, o0x7fc65abfe048;  0 drivers
o0x7fc65abfe468 .functor BUFZ 1, C4<z>; HiZ drive
v0x5585e11b1bc0_0 .net "wb_rst_i", 0 0, o0x7fc65abfe468;  0 drivers
o0x7fc65abfe498 .functor BUFZ 1, C4<z>; HiZ drive
v0x5585e11b1d70_0 .net "wbs_ack_o", 0 0, o0x7fc65abfe498;  0 drivers
o0x7fc65abfe4c8 .functor BUFZ 32, C4<zzzzzzzzzzzzzzzzzzzzzzzzzzzzzzzz>; HiZ drive
v0x5585e11b1e10_0 .net "wbs_adr_i", 31 0, o0x7fc65abfe4c8;  0 drivers
o0x7fc65abfe4f8 .functor BUFZ 1, C4<z>; HiZ drive
v0x5585e11b1ef0_0 .net "wbs_cyc_i", 0 0, o0x7fc65abfe4f8;  0 drivers
o0x7fc65abfe528 .functor BUFZ 32, C4<zzzzzzzzzzzzzzzzzzzzzzzzzzzzzzzz>; HiZ drive
v0x5585e11b1fb0_0 .net "wbs_dat_i", 31 0, o0x7fc65abfe528;  0 drivers
o0x7fc65abfe558 .functor BUFZ 32, C4<zzzzzzzzzzzzzzzzzzzzzzzzzzzzzzzz>; HiZ drive
v0x5585e11b2090_0 .net "wbs_dat_o", 31 0, o0x7fc65abfe558;  0 drivers
o0x7fc65abfe588 .functor BUFZ 4, C4<zzzz>; HiZ drive
v0x5585e11b2170_0 .net "wbs_sel_i", 3 0, o0x7fc65abfe588;  0 drivers
o0x7fc65abfe5b8 .functor BUFZ 1, C4<z>; HiZ drive
v0x5585e11b2250_0 .net "wbs_stb_i", 0 0, o0x7fc65abfe5b8;  0 drivers
o0x7fc65abfe5e8 .functor BUFZ 1, C4<z>; HiZ drive
v0x5585e11b2310_0 .net "wbs_we_i", 0 0, o0x7fc65abfe5e8;  0 drivers
L_0x5585e11b25f0 .part L_0x5585e11b27d0, 1, 8;
L_0x5585e11b2690 .part L_0x5585e11b27d0, 0, 1;
L_0x5585e11b27d0 .concat [ 2 7 0 0], o0x7fc65abfe318, L_0x7fc65abb5018;
L_0x5585e11b28e0 .concat [ 1 1 3 0], v0x5585e11b0a20_0, v0x5585e11b0960_0, v0x5585e11b0c10_0;
L_0x5585e11b2ad0 .part L_0x5585e11b28e0, 0, 2;
S_0x5585e119a850 .scope module, "dvsd_pe" "dvsd_pe" 2 85, 2 90 0, S_0x5585e11600d0;
 .timescale 0 0;
    .port_info 0 /INPUT 8 "in"
    .port_info 1 /OUTPUT 3 "out"
    .port_info 2 /INPUT 1 "en"
    .port_info 3 /OUTPUT 1 "eno"
    .port_info 4 /OUTPUT 1 "gs"
    .port_info 5 /INPUT 1 "clk"
v0x5585e1186360_0 .var "_a_", 0 0;
v0x5585e11b0800_0 .net "clk", 0 0, o0x7fc65abfe048;  alias, 0 drivers
v0x5585e11b08c0_0 .net "en", 0 0, L_0x5585e11b2690;  alias, 1 drivers
v0x5585e11b0960_0 .var "eno", 0 0;
v0x5585e11b0a20_0 .var "gs", 0 0;
v0x5585e11b0b30_0 .net "in", 7 0, L_0x5585e11b25f0;  alias, 1 drivers
v0x5585e11b0c10_0 .var "out", 2 0;
E_0x5585e119b720/0 .event negedge, v0x5585e11b0800_0;
E_0x5585e119b720/1 .event posedge, v0x5585e11b0800_0;
E_0x5585e119b720 .event/or E_0x5585e119b720/0, E_0x5585e119b720/1;
    .scope S_0x5585e119a850;
T_0 ;
    %wait E_0x5585e119b720;
    %load/vec4 v0x5585e11b0b30_0;
    %nand/r;
    %store/vec4 v0x5585e1186360_0, 0, 1;
    %load/vec4 v0x5585e1186360_0;
    %load/vec4 v0x5585e11b08c0_0;
    %and;
    %inv;
    %store/vec4 v0x5585e11b0960_0, 0, 1;
    %load/vec4 v0x5585e11b0960_0;
    %inv;
    %load/vec4 v0x5585e11b08c0_0;
    %and;
    %store/vec4 v0x5585e11b0a20_0, 0, 1;
    %jmp T_0;
    .thread T_0;
    .scope S_0x5585e119a850;
T_1 ;
    %wait E_0x5585e119b720;
    %load/vec4 v0x5585e11b08c0_0;
    %flag_set/vec4 8;
    %jmp/0xz  T_1.0, 8;
    %load/vec4 v0x5585e11b0b30_0;
    %dup/vec4;
    %pushi/vec4 255, 254, 8;
    %cmp/x;
    %jmp/1 T_1.2, 4;
    %dup/vec4;
    %pushi/vec4 255, 253, 8;
    %cmp/x;
    %jmp/1 T_1.3, 4;
    %dup/vec4;
    %pushi/vec4 255, 251, 8;
    %cmp/x;
    %jmp/1 T_1.4, 4;
    %dup/vec4;
    %pushi/vec4 255, 247, 8;
    %cmp/x;
    %jmp/1 T_1.5, 4;
    %dup/vec4;
    %pushi/vec4 255, 239, 8;
    %cmp/x;
    %jmp/1 T_1.6, 4;
    %dup/vec4;
    %pushi/vec4 255, 223, 8;
    %cmp/x;
    %jmp/1 T_1.7, 4;
    %dup/vec4;
    %pushi/vec4 255, 191, 8;
    %cmp/x;
    %jmp/1 T_1.8, 4;
    %dup/vec4;
    %pushi/vec4 255, 127, 8;
    %cmp/x;
    %jmp/1 T_1.9, 4;
    %pushi/vec4 1, 1, 3;
    %store/vec4 v0x5585e11b0c10_0, 0, 3;
    %jmp T_1.11;
T_1.2 ;
    %pushi/vec4 0, 0, 3;
    %store/vec4 v0x5585e11b0c10_0, 0, 3;
    %jmp T_1.11;
T_1.3 ;
    %pushi/vec4 1, 0, 3;
    %store/vec4 v0x5585e11b0c10_0, 0, 3;
    %jmp T_1.11;
T_1.4 ;
    %pushi/vec4 2, 0, 3;
    %store/vec4 v0x5585e11b0c10_0, 0, 3;
    %jmp T_1.11;
T_1.5 ;
    %pushi/vec4 3, 0, 3;
    %store/vec4 v0x5585e11b0c10_0, 0, 3;
    %jmp T_1.11;
T_1.6 ;
    %pushi/vec4 4, 0, 3;
    %store/vec4 v0x5585e11b0c10_0, 0, 3;
    %jmp T_1.11;
T_1.7 ;
    %pushi/vec4 5, 0, 3;
    %store/vec4 v0x5585e11b0c10_0, 0, 3;
    %jmp T_1.11;
T_1.8 ;
    %pushi/vec4 6, 0, 3;
    %store/vec4 v0x5585e11b0c10_0, 0, 3;
    %jmp T_1.11;
T_1.9 ;
    %pushi/vec4 7, 0, 3;
    %store/vec4 v0x5585e11b0c10_0, 0, 3;
    %jmp T_1.11;
T_1.11 ;
    %pop/vec4 1;
T_1.0 ;
    %jmp T_1;
    .thread T_1;
# The file index is used to find the file name in the following table.
:file_names 3;
    "N/A";
    "<interactive>";
    "user_proj_example.v";
