#! /usr/bin/vvp
:ivl_version "10.3 (stable)";
:ivl_delay_selection "TYPICAL";
:vpi_time_precision + 0;
:vpi_module "system";
:vpi_module "vhdl_sys";
:vpi_module "v2005_math";
:vpi_module "va_math";
S_0x562c63521d70 .scope module, "latchtest" "latchtest" 2 3;
 .timescale 0 0;
v0x562c63534be0_0 .net "Q", 0 0, L_0x562c63535080;  1 drivers
v0x562c63534ca0_0 .net "Qn", 0 0, L_0x562c63535250;  1 drivers
v0x562c63534d70_0 .var "R", 0 0;
v0x562c63534e70_0 .var "S", 0 0;
S_0x562c63521ef0 .scope module, "LAT" "sr_latch" 2 7, 3 1 0, S_0x562c63521d70;
 .timescale 0 0;
    .port_info 0 /INPUT 1 "S"
    .port_info 1 /INPUT 1 "R"
    .port_info 2 /OUTPUT 1 "Q"
    .port_info 3 /OUTPUT 1 "Qn"
L_0x562c63534f40 .functor AND 1, v0x562c63534d70_0, L_0x562c63535250, C4<1>, C4<1>;
L_0x562c63535080 .functor NOT 1, L_0x562c63534f40, C4<0>, C4<0>, C4<0>;
L_0x562c63535190 .functor AND 1, v0x562c63534e70_0, L_0x562c63535080, C4<1>, C4<1>;
L_0x562c63535250 .functor NOT 1, L_0x562c63535190, C4<0>, C4<0>, C4<0>;
v0x562c634ec0e0_0 .net "Q", 0 0, L_0x562c63535080;  alias, 1 drivers
v0x562c63534730_0 .net "Qn", 0 0, L_0x562c63535250;  alias, 1 drivers
v0x562c635347f0_0 .net "R", 0 0, v0x562c63534d70_0;  1 drivers
v0x562c63534890_0 .net "S", 0 0, v0x562c63534e70_0;  1 drivers
v0x562c63534950_0 .net *"_s0", 0 0, L_0x562c63534f40;  1 drivers
v0x562c63534a80_0 .net *"_s4", 0 0, L_0x562c63535190;  1 drivers
    .scope S_0x562c63521d70;
T_0 ;
    %vpi_call 2 10 "$monitor", $time, "S=%b, R=%b, Q=%b, Qn=%b", v0x562c63534e70_0, v0x562c63534d70_0, v0x562c63534be0_0, v0x562c63534ca0_0 {0 0 0};
    %pushi/vec4 0, 0, 1;
    %store/vec4 v0x562c63534e70_0, 0, 1;
    %pushi/vec4 1, 0, 1;
    %store/vec4 v0x562c63534d70_0, 0, 1;
    %delay 5, 0;
    %pushi/vec4 1, 0, 1;
    %store/vec4 v0x562c63534e70_0, 0, 1;
    %pushi/vec4 1, 0, 1;
    %store/vec4 v0x562c63534d70_0, 0, 1;
    %delay 5, 0;
    %pushi/vec4 1, 0, 1;
    %store/vec4 v0x562c63534e70_0, 0, 1;
    %pushi/vec4 0, 0, 1;
    %store/vec4 v0x562c63534d70_0, 0, 1;
    %delay 5, 0;
    %pushi/vec4 1, 0, 1;
    %store/vec4 v0x562c63534e70_0, 0, 1;
    %pushi/vec4 1, 0, 1;
    %store/vec4 v0x562c63534d70_0, 0, 1;
    %delay 5, 0;
    %pushi/vec4 0, 0, 1;
    %store/vec4 v0x562c63534e70_0, 0, 1;
    %pushi/vec4 0, 0, 1;
    %store/vec4 v0x562c63534d70_0, 0, 1;
    %delay 5, 0;
    %pushi/vec4 1, 0, 1;
    %store/vec4 v0x562c63534e70_0, 0, 1;
    %pushi/vec4 1, 0, 1;
    %store/vec4 v0x562c63534d70_0, 0, 1;
    %end;
    .thread T_0;
# The file index is used to find the file name in the following table.
:file_names 4;
    "N/A";
    "<interactive>";
    "testlatch.v";
    "./latch.v";
