#! /usr/bin/vvp
:ivl_version "10.3 (stable)";
:ivl_delay_selection "TYPICAL";
:vpi_time_precision - 12;
:vpi_module "system";
:vpi_module "vhdl_sys";
:vpi_module "v2005_math";
:vpi_module "va_math";
S_0x556ef528ab20 .scope module, "test_dvsd_pe" "test_dvsd_pe" 2 5;
 .timescale -9 -12;
v0x556ef52a28e0_0 .var "clk", 0 0;
v0x556ef52a29a0_0 .var "en", 0 0;
v0x556ef52a2a40_0 .net "eno", 0 0, v0x556ef52a2490_0;  1 drivers
v0x556ef52a2b40_0 .net "gs", 0 0, v0x556ef52a2550_0;  1 drivers
v0x556ef52a2c10_0 .var "in", 7 0;
v0x556ef52a2d00_0 .net "out", 2 0, v0x556ef52a2740_0;  1 drivers
S_0x556ef528aca0 .scope module, "DUT" "dvsd_pe" 2 14, 3 1 0, S_0x556ef528ab20;
 .timescale -9 -12;
    .port_info 0 /INPUT 8 "in"
    .port_info 1 /OUTPUT 3 "out"
    .port_info 2 /INPUT 1 "en"
    .port_info 3 /OUTPUT 1 "eno"
    .port_info 4 /OUTPUT 1 "gs"
    .port_info 5 /INPUT 1 "clk"
v0x556ef5264ca0_0 .var "_a_", 0 0;
v0x556ef52a2330_0 .net "clk", 0 0, v0x556ef52a28e0_0;  1 drivers
v0x556ef52a23f0_0 .net "en", 0 0, v0x556ef52a29a0_0;  1 drivers
v0x556ef52a2490_0 .var "eno", 0 0;
v0x556ef52a2550_0 .var "gs", 0 0;
v0x556ef52a2660_0 .net "in", 7 0, v0x556ef52a2c10_0;  1 drivers
v0x556ef52a2740_0 .var "out", 2 0;
E_0x556ef5287db0/0 .event negedge, v0x556ef52a2330_0;
E_0x556ef5287db0/1 .event posedge, v0x556ef52a2330_0;
E_0x556ef5287db0 .event/or E_0x556ef5287db0/0, E_0x556ef5287db0/1;
    .scope S_0x556ef528aca0;
T_0 ;
    %wait E_0x556ef5287db0;
    %load/vec4 v0x556ef52a2660_0;
    %nand/r;
    %store/vec4 v0x556ef5264ca0_0, 0, 1;
    %load/vec4 v0x556ef5264ca0_0;
    %load/vec4 v0x556ef52a23f0_0;
    %and;
    %inv;
    %store/vec4 v0x556ef52a2490_0, 0, 1;
    %load/vec4 v0x556ef52a2490_0;
    %inv;
    %load/vec4 v0x556ef52a23f0_0;
    %and;
    %store/vec4 v0x556ef52a2550_0, 0, 1;
    %jmp T_0;
    .thread T_0;
    .scope S_0x556ef528aca0;
T_1 ;
    %wait E_0x556ef5287db0;
    %load/vec4 v0x556ef52a23f0_0;
    %flag_set/vec4 8;
    %jmp/0xz  T_1.0, 8;
    %load/vec4 v0x556ef52a2660_0;
    %dup/vec4;
    %pushi/vec4 255, 254, 8;
    %cmp/x;
    %jmp/1 T_1.2, 4;
    %dup/vec4;
    %pushi/vec4 255, 253, 8;
    %cmp/x;
    %jmp/1 T_1.3, 4;
    %dup/vec4;
    %pushi/vec4 255, 251, 8;
    %cmp/x;
    %jmp/1 T_1.4, 4;
    %dup/vec4;
    %pushi/vec4 255, 247, 8;
    %cmp/x;
    %jmp/1 T_1.5, 4;
    %dup/vec4;
    %pushi/vec4 255, 239, 8;
    %cmp/x;
    %jmp/1 T_1.6, 4;
    %dup/vec4;
    %pushi/vec4 255, 223, 8;
    %cmp/x;
    %jmp/1 T_1.7, 4;
    %dup/vec4;
    %pushi/vec4 255, 191, 8;
    %cmp/x;
    %jmp/1 T_1.8, 4;
    %dup/vec4;
    %pushi/vec4 255, 127, 8;
    %cmp/x;
    %jmp/1 T_1.9, 4;
    %pushi/vec4 1, 1, 3;
    %store/vec4 v0x556ef52a2740_0, 0, 3;
    %jmp T_1.11;
T_1.2 ;
    %pushi/vec4 0, 0, 3;
    %store/vec4 v0x556ef52a2740_0, 0, 3;
    %jmp T_1.11;
T_1.3 ;
    %pushi/vec4 1, 0, 3;
    %store/vec4 v0x556ef52a2740_0, 0, 3;
    %jmp T_1.11;
T_1.4 ;
    %pushi/vec4 2, 0, 3;
    %store/vec4 v0x556ef52a2740_0, 0, 3;
    %jmp T_1.11;
T_1.5 ;
    %pushi/vec4 3, 0, 3;
    %store/vec4 v0x556ef52a2740_0, 0, 3;
    %jmp T_1.11;
T_1.6 ;
    %pushi/vec4 4, 0, 3;
    %store/vec4 v0x556ef52a2740_0, 0, 3;
    %jmp T_1.11;
T_1.7 ;
    %pushi/vec4 5, 0, 3;
    %store/vec4 v0x556ef52a2740_0, 0, 3;
    %jmp T_1.11;
T_1.8 ;
    %pushi/vec4 6, 0, 3;
    %store/vec4 v0x556ef52a2740_0, 0, 3;
    %jmp T_1.11;
T_1.9 ;
    %pushi/vec4 7, 0, 3;
    %store/vec4 v0x556ef52a2740_0, 0, 3;
    %jmp T_1.11;
T_1.11 ;
    %pop/vec4 1;
T_1.0 ;
    %jmp T_1;
    .thread T_1;
    .scope S_0x556ef528ab20;
T_2 ;
    %vpi_call 2 18 "$monitor", $time, " en=%4b, in=%8b, out=%3b, eno=%4b, gs=%4b", v0x556ef52a29a0_0, v0x556ef52a2c10_0, v0x556ef52a2d00_0, v0x556ef52a2a40_0, v0x556ef52a2b40_0 {0 0 0};
    %vpi_call 2 19 "$dumpfile", "dvsd_pe.vcd" {0 0 0};
    %vpi_call 2 20 "$dumpvars", 32'sb00000000000000000000000000000000, S_0x556ef528ab20 {0 0 0};
    %pushi/vec4 1, 0, 1;
    %store/vec4 v0x556ef52a28e0_0, 0, 1;
T_2.0 ;
    %delay 5000, 0;
    %load/vec4 v0x556ef52a28e0_0;
    %inv;
    %store/vec4 v0x556ef52a28e0_0, 0, 1;
    %jmp T_2.0;
    %end;
    .thread T_2;
    .scope S_0x556ef528ab20;
T_3 ;
    %pushi/vec4 0, 0, 8;
    %store/vec4 v0x556ef52a2c10_0, 0, 8;
    %pushi/vec4 0, 0, 1;
    %store/vec4 v0x556ef52a29a0_0, 0, 1;
    %delay 5000, 0;
    %pushi/vec4 1, 0, 8;
    %store/vec4 v0x556ef52a2c10_0, 0, 8;
    %pushi/vec4 1, 0, 1;
    %store/vec4 v0x556ef52a29a0_0, 0, 1;
    %delay 5000, 0;
    %pushi/vec4 34, 0, 8;
    %store/vec4 v0x556ef52a2c10_0, 0, 8;
    %pushi/vec4 1, 0, 1;
    %store/vec4 v0x556ef52a29a0_0, 0, 1;
    %delay 5000, 0;
    %pushi/vec4 132, 0, 8;
    %store/vec4 v0x556ef52a2c10_0, 0, 8;
    %pushi/vec4 1, 0, 1;
    %store/vec4 v0x556ef52a29a0_0, 0, 1;
    %delay 5000, 0;
    %pushi/vec4 8, 0, 8;
    %store/vec4 v0x556ef52a2c10_0, 0, 8;
    %pushi/vec4 1, 0, 1;
    %store/vec4 v0x556ef52a29a0_0, 0, 1;
    %delay 5000, 0;
    %pushi/vec4 16, 0, 8;
    %store/vec4 v0x556ef52a2c10_0, 0, 8;
    %pushi/vec4 1, 0, 1;
    %store/vec4 v0x556ef52a29a0_0, 0, 1;
    %delay 5000, 0;
    %pushi/vec4 32, 0, 8;
    %store/vec4 v0x556ef52a2c10_0, 0, 8;
    %pushi/vec4 1, 0, 1;
    %store/vec4 v0x556ef52a29a0_0, 0, 1;
    %delay 5000, 0;
    %pushi/vec4 64, 0, 8;
    %store/vec4 v0x556ef52a2c10_0, 0, 8;
    %pushi/vec4 1, 0, 1;
    %store/vec4 v0x556ef52a29a0_0, 0, 1;
    %delay 5000, 0;
    %pushi/vec4 136, 0, 8;
    %store/vec4 v0x556ef52a2c10_0, 0, 8;
    %pushi/vec4 1, 0, 1;
    %store/vec4 v0x556ef52a29a0_0, 0, 1;
    %delay 5000, 0;
    %pushi/vec4 0, 0, 8;
    %store/vec4 v0x556ef52a2c10_0, 0, 8;
    %pushi/vec4 1, 0, 1;
    %store/vec4 v0x556ef52a29a0_0, 0, 1;
    %end;
    .thread T_3;
    .scope S_0x556ef528ab20;
T_4 ;
    %delay 50000, 0;
    %vpi_call 2 40 "$finish" {0 0 0};
    %end;
    .thread T_4;
# The file index is used to find the file name in the following table.
:file_names 4;
    "N/A";
    "<interactive>";
    "test_dvsd_pe.v";
    "./dvsd_pe.v";
